[0m13:55:44.206470 [debug] [MainThread]: Sending event: {'category': 'dbt', 'action': 'invocation', 'label': 'start', 'context': [<snowplow_tracker.self_describing_json.SelfDescribingJson object at 0x000001EE9324C910>, <snowplow_tracker.self_describing_json.SelfDescribingJson object at 0x000001EE97A9AE90>, <snowplow_tracker.self_describing_json.SelfDescribingJson object at 0x000001EE95A52350>]}


============================== 13:55:44.386048 | b4069cec-068e-4c04-88af-155d822159ad ==============================
[0m13:55:44.386048 [info ] [MainThread]: Running with dbt=1.11.2
[0m13:55:44.388042 [debug] [MainThread]: running dbt with arguments {'version_check': 'True', 'no_print': 'None', 'static_parser': 'True', 'target_path': 'None', 'warn_error_options': 'WarnErrorOptionsV2(error=[], warn=[], silence=[])', 'printer_width': '80', 'write_json': 'True', 'empty': 'None', 'log_cache_events': 'False', 'introspect': 'True', 'cache_selected_only': 'False', 'log_format': 'default', 'debug': 'False', 'fail_fast': 'False', 'partial_parse': 'True', 'send_anonymous_usage_stats': 'True', 'quiet': 'False', 'warn_error': 'None', 'profiles_dir': 'C:\\Users\\ASHIK\\.dbt', 'indirect_selection': 'eager', 'use_colors': 'True', 'invocation_command': 'dbt init', 'use_experimental_parser': 'False', 'log_path': 'logs'}
[0m13:55:44.994211 [info ] [MainThread]: Creating dbt configuration folder at C:\Users\ASHIK\.dbt
[0m13:58:21.442463 [debug] [MainThread]: Starter project path: C:\Users\ASHIK\DBT_Snowflake\.venv\Lib\site-packages\dbt\include\starter_project
[0m13:58:21.554356 [info ] [MainThread]: 
Your new dbt project "aws_dbt_snowflake_project" was created!

For more information on how to configure the profiles.yml file,
please consult the dbt documentation here:

  https://docs.getdbt.com/docs/configure-your-profile

One more thing:

Need help? Don't hesitate to reach out to us via GitHub issues or on Slack:

  https://community.getdbt.com/

Happy modeling!

[0m13:58:21.556354 [info ] [MainThread]: Setting up your profile.
[0m13:58:35.689109 [debug] [MainThread]: Snowflake adapter: Setting snowflake.connector to ERROR (file logging only)
[0m13:58:35.692105 [debug] [MainThread]: Snowflake adapter: Setting botocore to ERROR (file logging only)
[0m13:58:35.693100 [debug] [MainThread]: Snowflake adapter: Setting boto3 to ERROR (file logging only)
[0m14:11:29.332158 [info ] [MainThread]: Profile aws_dbt_snowflake_project written to C:\Users\ASHIK\.dbt\profiles.yml using target's profile_template.yml and your supplied values. Run 'dbt debug' to validate the connection.
[0m14:11:29.335149 [debug] [MainThread]: Command `dbt init` succeeded at 14:11:29.334151 after 947.27 seconds
[0m14:11:29.336146 [debug] [MainThread]: Sending event: {'category': 'dbt', 'action': 'invocation', 'label': 'end', 'context': [<snowplow_tracker.self_describing_json.SelfDescribingJson object at 0x000001EE97AFB150>, <snowplow_tracker.self_describing_json.SelfDescribingJson object at 0x000001EE8FFD6690>, <snowplow_tracker.self_describing_json.SelfDescribingJson object at 0x000001EE8FFD64D0>]}
[0m14:11:29.337144 [debug] [MainThread]: Flushing usage events
[0m14:11:31.584461 [debug] [MainThread]: An error was encountered while trying to flush usage events
[0m22:57:28.037131 [debug] [MainThread]: Sending event: {'category': 'dbt', 'action': 'invocation', 'label': 'start', 'context': [<snowplow_tracker.self_describing_json.SelfDescribingJson object at 0x000001FDE6BE8750>, <snowplow_tracker.self_describing_json.SelfDescribingJson object at 0x000001FDE6BD7D50>, <snowplow_tracker.self_describing_json.SelfDescribingJson object at 0x000001FDE6C32E90>]}


============================== 22:57:28.055334 | 90b48169-7a83-43e1-9aea-1a9e563aaa33 ==============================
[0m22:57:28.055334 [info ] [MainThread]: Running with dbt=1.11.2
[0m22:57:28.060330 [debug] [MainThread]: running dbt with arguments {'static_parser': 'True', 'no_print': 'None', 'version_check': 'True', 'target_path': 'None', 'warn_error_options': 'WarnErrorOptionsV2(error=[], warn=[], silence=[])', 'printer_width': '80', 'write_json': 'True', 'introspect': 'True', 'log_cache_events': 'False', 'empty': 'False', 'cache_selected_only': 'False', 'fail_fast': 'False', 'debug': 'False', 'log_format': 'default', 'profiles_dir': 'C:\\Users\\ASHIK\\.dbt', 'send_anonymous_usage_stats': 'True', 'quiet': 'False', 'warn_error': 'None', 'partial_parse': 'True', 'indirect_selection': 'eager', 'use_colors': 'True', 'invocation_command': 'dbt build', 'use_experimental_parser': 'False', 'log_path': 'logs'}
[0m22:57:28.062324 [error] [MainThread]: Encountered an error:
Runtime Error
  No dbt_project.yml found at expected path C:\Users\ASHIK\DBT_Snowflake\dbt_project.yml
  Verify that each entry within packages.yml (and their transitive dependencies) contains a file named dbt_project.yml
  
[0m22:57:28.066316 [debug] [MainThread]: Command `dbt build` failed at 22:57:28.065318 after 0.28 seconds
[0m22:57:28.067313 [debug] [MainThread]: Sending event: {'category': 'dbt', 'action': 'invocation', 'label': 'end', 'context': [<snowplow_tracker.self_describing_json.SelfDescribingJson object at 0x000001FDE6BEC650>, <snowplow_tracker.self_describing_json.SelfDescribingJson object at 0x000001FDE6C33150>, <snowplow_tracker.self_describing_json.SelfDescribingJson object at 0x000001FDDFECB850>]}
[0m22:57:28.069303 [debug] [MainThread]: Flushing usage events
[0m22:57:29.962036 [debug] [MainThread]: An error was encountered while trying to flush usage events
